<?xml version="1.0" encoding="UTF-8"?>
<testng-results ignored="0" total="1" passed="1" failed="0" skipped="0">
  <reporter-output>
  </reporter-output>
  <suite started-at="2024-11-07T20:24:09 IST" name="Suite" finished-at="2024-11-07T20:24:14 IST" duration-ms="5109">
    <groups>
    </groups>
    <test started-at="2024-11-07T20:24:09 IST" name="Test" finished-at="2024-11-07T20:24:14 IST" duration-ms="5109">
      <class name="samplejenkinsproject.FacebookPageTest">
        <test-method is-config="true" signature="setUp()[pri:0, instance:samplejenkinsproject.FacebookPageTest@6c1a5b54]" started-at="2024-11-07T20:24:09 IST" name="setUp" finished-at="2024-11-07T20:24:14 IST" duration-ms="4676" status="PASS">
          <reporter-output>
          </reporter-output>
        </test-method> <!-- setUp -->
        <test-method signature="validateTitle()[pri:0, instance:samplejenkinsproject.FacebookPageTest@6c1a5b54]" started-at="2024-11-07T20:24:14 IST" name="validateTitle" finished-at="2024-11-07T20:24:14 IST" duration-ms="27" status="PASS">
          <reporter-output>
          </reporter-output>
        </test-method> <!-- validateTitle -->
        <test-method is-config="true" signature="tearDown()[pri:0, instance:samplejenkinsproject.FacebookPageTest@6c1a5b54]" started-at="2024-11-07T20:24:14 IST" name="tearDown" finished-at="2024-11-07T20:24:14 IST" duration-ms="356" status="PASS">
          <reporter-output>
          </reporter-output>
        </test-method> <!-- tearDown -->
      </class> <!-- samplejenkinsproject.FacebookPageTest -->
    </test> <!-- Test -->
  </suite> <!-- Suite -->
</testng-results>
